.\2d_game_engine_McCarthy2.pdb
C:\Users\Jakeland\Documents\_project\2d_game_engine_McCarthy2\.\2d_game_engine_McCarthy2.exe
C:\USERS\JAKELAND\DOCUMENTS\_PROJECT\2D_GAME_ENGINE_MCCARTHY2\2D_GAME_ENGINE_MCCARTHY2.EXE
C:\USERS\JAKELAND\DOCUMENTS\_PROJECT\2D_GAME_ENGINE_MCCARTHY2\2D_GAME_ENGINE_MCCARTHY2.PDB
C:\USERS\JAKELAND\DOCUMENTS\_PROJECT\2D_GAME_ENGINE_MCCARTHY2\RELEASE\2D_GAME_ENGINE_MCCARTHY2.EXE.INTERMEDIATE.MANIFEST
C:\Users\Jakeland\Documents\_project\2d_game_engine_McCarthy2\Release\2d_game_engine_McCarthy2.write.1.tlog
C:\Users\Jakeland\Documents\_project\2d_game_engine_McCarthy2\Release\cl.command.1.tlog
C:\Users\Jakeland\Documents\_project\2d_game_engine_McCarthy2\Release\CL.read.1.tlog
C:\Users\Jakeland\Documents\_project\2d_game_engine_McCarthy2\Release\CL.write.1.tlog
C:\USERS\JAKELAND\DOCUMENTS\_PROJECT\2D_GAME_ENGINE_MCCARTHY2\RELEASE\ENTITY.OBJ
C:\USERS\JAKELAND\DOCUMENTS\_PROJECT\2D_GAME_ENGINE_MCCARTHY2\RELEASE\GAME.OBJ
C:\USERS\JAKELAND\DOCUMENTS\_PROJECT\2D_GAME_ENGINE_MCCARTHY2\RELEASE\GRAPHICS.OBJ
C:\Users\Jakeland\Documents\_project\2d_game_engine_McCarthy2\Release\link.command.1.tlog
C:\Users\Jakeland\Documents\_project\2d_game_engine_McCarthy2\Release\link.read.1.tlog
C:\Users\Jakeland\Documents\_project\2d_game_engine_McCarthy2\Release\link.write.1.tlog
C:\Users\Jakeland\Documents\_project\2d_game_engine_McCarthy2\Release\mt.command.1.tlog
C:\Users\Jakeland\Documents\_project\2d_game_engine_McCarthy2\Release\mt.read.1.tlog
C:\Users\Jakeland\Documents\_project\2d_game_engine_McCarthy2\Release\mt.write.1.tlog
C:\USERS\JAKELAND\DOCUMENTS\_PROJECT\2D_GAME_ENGINE_MCCARTHY2\RELEASE\VC100.PDB
C:\USERS\JAKELAND\DOCUMENTS\_PROJECT\2D_GAME_ENGINE_MCCARTHY2\RELEASE\WASTELAND.OBJ
